#
# There is insufficient memory for the Java Runtime Environment to continue.
# Native memory allocation (mmap) failed to map 266338304 bytes for G1 virtual space
# Possible reasons:
#   The system is out of physical RAM or swap space
#   The process is running with CompressedOops enabled, and the Java Heap may be blocking the growth of the native heap
# Possible solutions:
#   Reduce memory load on the system
#   Increase physical memory or swap space
#   Check if swap backing store is full
#   Decrease Java heap size (-Xmx/-Xms)
#   Decrease number of Java threads
#   Decrease Java thread stack sizes (-Xss)
#   Set larger code cache with -XX:ReservedCodeCacheSize=
#   JVM is running with Zero Based Compressed Oops mode in which the Java heap is
#     placed in the first 32GB address space. The Java Heap base address is the
#     maximum limit for the native heap growth. Please use -XX:HeapBaseMinAddress
#     to set the Java Heap base and to place the Java Heap above 32GB virtual address.
# This output file may be truncated or incomplete.
#
#  Out of Memory Error (os_windows.cpp:3550), pid=4220, tid=17596
#
# JRE version:  (17.0.8+9) (build )
# Java VM: Java HotSpot(TM) 64-Bit Server VM (17.0.8+9-LTS-211, mixed mode, emulated-client, sharing, tiered, compressed oops, compressed class ptrs, g1 gc, windows-amd64)
# No core dump will be written. Minidumps are not enabled by default on client versions of Windows
#

---------------  S U M M A R Y ------------

Command Line: -Dcom.sun.management.jmxremote -Dcom.sun.management.jmxremote.port=51549 -Dcom.sun.management.jmxremote.authenticate=false -Dcom.sun.management.jmxremote.ssl=false -Djava.rmi.server.hostname=localhost -Dspring.jmx.enabled=true -Dmanagement.endpoints.jmx.exposure.include=* -Dspring.application.admin.enabled=true -XX:TieredStopAtLevel=1 -Dspring.boot.project.name=SpringBoot_Sesion07 -Dfile.encoding=UTF-8 -Dstdout.encoding=UTF-8 -Dstderr.encoding=UTF-8 -XX:+ShowCodeDetailsInExceptionMessages com.cibertec.app.SpringBootSesion07Application --spring.output.ansi.enabled=always

Host: Intel(R) Core(TM) i5-10300H CPU @ 2.50GHz, 8 cores, 15G,  Windows 11 , 64 bit Build 22621 (10.0.22621.3958)
Time: Thu Oct 10 12:37:28 2024 Hora est. Pacífico, Sudamérica elapsed time: 0.117221 seconds (0d 0h 0m 0s)

---------------  T H R E A D  ---------------

Current thread (0x000001da3a7bff60):  JavaThread "Unknown thread" [_thread_in_vm, id=17596, stack(0x0000007e7be00000,0x0000007e7bf00000)]

Stack: [0x0000007e7be00000,0x0000007e7bf00000]
Native frames: (J=compiled Java code, j=interpreted, Vv=VM code, C=native code)
V  [jvm.dll+0x677d0a]
V  [jvm.dll+0x7d8c54]
V  [jvm.dll+0x7da3fe]
V  [jvm.dll+0x7daa63]
V  [jvm.dll+0x245c5f]
V  [jvm.dll+0x674bb9]
V  [jvm.dll+0x6694f2]
V  [jvm.dll+0x3031d6]
V  [jvm.dll+0x30a756]
V  [jvm.dll+0x359f9e]
V  [jvm.dll+0x35a1cf]
V  [jvm.dll+0x2da3e8]
V  [jvm.dll+0x2db354]
V  [jvm.dll+0x7aa711]
V  [jvm.dll+0x367b51]
V  [jvm.dll+0x789979]
V  [jvm.dll+0x3eb05f]
V  [jvm.dll+0x3ecae1]
C  [jli.dll+0x5297]
C  [ucrtbase.dll+0x29333]
C  [KERNEL32.DLL+0x1257d]
C  [ntdll.dll+0x5af28]


---------------  P R O C E S S  ---------------

Threads class SMR info:
_java_thread_list=0x00007fffc46059d8, length=0, elements={
}

Java Threads: ( => current thread )

Other Threads:
  0x000001da3a82c410 GCTaskThread "GC Thread#0" [stack: 0x0000007e7bf00000,0x0000007e7c000000] [id=5292]
  0x000001da3a83d840 ConcurrentGCThread "G1 Main Marker" [stack: 0x0000007e7c000000,0x0000007e7c100000] [id=2064]
  0x000001da3a840270 ConcurrentGCThread "G1 Conc#0" [stack: 0x0000007e7c100000,0x0000007e7c200000] [id=13340]

[error occurred during error reporting (printing all threads), id 0xc0000005, EXCEPTION_ACCESS_VIOLATION (0xc0000005) at pc=0x00007fffc3e3b047]

VM state: not at safepoint (not fully initialized)

VM Mutex/Monitor currently owned by a thread:  ([mutex/lock_event])
[0x000001da3a7bbce0] Heap_lock - owner thread: 0x000001da3a7bff60

Heap address: 0x0000000702a00000, size: 4054 MB, Compressed Oops mode: Zero based, Oop shift amount: 3

CDS archive(s) mapped at: [0x0000000000000000-0x0000000000000000-0x0000000000000000), size 0, SharedBaseAddress: 0x0000000800000000, ArchiveRelocationMode: 1.
Narrow klass base: 0x0000000000000000, Narrow klass shift: 0, Narrow klass range: 0x0

GC Precious Log:
<Empty>

Heap:
 garbage-first heap   total 0K, used 0K [0x0000000702a00000, 0x0000000800000000)
  region size 2048K, 0 young (0K), 0 survivors (0K)

[error occurred during error reporting (printing heap information), id 0xc0000005, EXCEPTION_ACCESS_VIOLATION (0xc0000005) at pc=0x00007fffc4221499]

GC Heap History (0 events):
No events

Deoptimization events (0 events):
No events

Classes unloaded (0 events):
No events

Classes redefined (0 events):
No events

Internal exceptions (0 events):
No events

VM Operations (0 events):
No events

Events (1 events):
Event: 0.110 Loaded shared library D:\Mis Archivos\PracticasJavaPython\Java\jdk-17.0.8\bin\java.dll


Dynamic libraries:
0x00007ff6d1c50000 - 0x00007ff6d1c60000 	D:\Mis Archivos\PracticasJavaPython\Java\jdk-17.0.8\bin\javaw.exe
0x00007ff809d10000 - 0x00007ff809f27000 	C:\Windows\SYSTEM32\ntdll.dll
0x00007ff807ef0000 - 0x00007ff807fb4000 	C:\Windows\System32\KERNEL32.DLL
0x00007ff807610000 - 0x00007ff8079bd000 	C:\Windows\System32\KERNELBASE.dll
0x00007ff8074f0000 - 0x00007ff807601000 	C:\Windows\System32\ucrtbase.dll
0x00007ff801b90000 - 0x00007ff801bab000 	D:\Mis Archivos\PracticasJavaPython\Java\jdk-17.0.8\bin\VCRUNTIME140.dll
0x00007ff8012d0000 - 0x00007ff8012e9000 	D:\Mis Archivos\PracticasJavaPython\Java\jdk-17.0.8\bin\jli.dll
0x00007ff8092f0000 - 0x00007ff8093a2000 	C:\Windows\System32\ADVAPI32.dll
0x00007ff8086b0000 - 0x00007ff808757000 	C:\Windows\System32\msvcrt.dll
0x00007ff808a90000 - 0x00007ff808b39000 	C:\Windows\System32\sechost.dll
0x00007ff807420000 - 0x00007ff807448000 	C:\Windows\System32\bcrypt.dll
0x00007ff807dd0000 - 0x00007ff807ee4000 	C:\Windows\System32\RPCRT4.dll
0x00007ff8088e0000 - 0x00007ff808a8e000 	C:\Windows\System32\USER32.dll
0x00007ff807330000 - 0x00007ff807356000 	C:\Windows\System32\win32u.dll
0x00007ff809140000 - 0x00007ff809169000 	C:\Windows\System32\GDI32.dll
0x00007ff8070a0000 - 0x00007ff8071b9000 	C:\Windows\System32\gdi32full.dll
0x00007ff807450000 - 0x00007ff8074ea000 	C:\Windows\System32\msvcp_win.dll
0x00007fffec2f0000 - 0x00007fffec583000 	C:\Windows\WinSxS\amd64_microsoft.windows.common-controls_6595b64144ccf1df_6.0.22621.3672_none_2713b9d173822955\COMCTL32.dll
0x00007ff801260000 - 0x00007ff80126a000 	C:\Windows\SYSTEM32\VERSION.dll
0x00007ff808190000 - 0x00007ff8081c1000 	C:\Windows\System32\IMM32.DLL
0x00007ff804bd0000 - 0x00007ff804bdc000 	D:\Mis Archivos\PracticasJavaPython\Java\jdk-17.0.8\bin\vcruntime140_1.dll
0x00007fffedf70000 - 0x00007fffedffe000 	D:\Mis Archivos\PracticasJavaPython\Java\jdk-17.0.8\bin\msvcp140.dll
0x00007fffc3b50000 - 0x00007fffc472e000 	D:\Mis Archivos\PracticasJavaPython\Java\jdk-17.0.8\bin\server\jvm.dll
0x00007ff808180000 - 0x00007ff808188000 	C:\Windows\System32\PSAPI.DLL
0x00007ff801420000 - 0x00007ff801454000 	C:\Windows\SYSTEM32\WINMM.dll
0x00007ff8027d0000 - 0x00007ff8027d9000 	C:\Windows\SYSTEM32\WSOCK32.dll
0x00007ff808fe0000 - 0x00007ff809051000 	C:\Windows\System32\WS2_32.dll
0x00007ff806040000 - 0x00007ff806058000 	C:\Windows\SYSTEM32\kernel.appcore.dll
0x00007ff802030000 - 0x00007ff80203a000 	D:\Mis Archivos\PracticasJavaPython\Java\jdk-17.0.8\bin\jimage.dll
0x00007ff804920000 - 0x00007ff804b52000 	C:\Windows\SYSTEM32\DBGHELP.DLL
0x00007ff808c50000 - 0x00007ff808fde000 	C:\Windows\System32\combase.dll
0x00007ff807cf0000 - 0x00007ff807dc7000 	C:\Windows\System32\OLEAUT32.dll
0x00007ffffe360000 - 0x00007ffffe392000 	C:\Windows\SYSTEM32\dbgcore.DLL
0x00007ff8079c0000 - 0x00007ff807a3b000 	C:\Windows\System32\bcryptPrimitives.dll
0x00007ff800120000 - 0x00007ff800145000 	D:\Mis Archivos\PracticasJavaPython\Java\jdk-17.0.8\bin\java.dll

dbghelp: loaded successfully - version: 4.0.5 - missing functions: none
symbol engine: initialized successfully - sym options: 0x614 - pdb path: .;D:\Mis Archivos\PracticasJavaPython\Java\jdk-17.0.8\bin;C:\Windows\SYSTEM32;C:\Windows\WinSxS\amd64_microsoft.windows.common-controls_6595b64144ccf1df_6.0.22621.3672_none_2713b9d173822955;D:\Mis Archivos\PracticasJavaPython\Java\jdk-17.0.8\bin\server

VM Arguments:
jvm_args: -Dcom.sun.management.jmxremote -Dcom.sun.management.jmxremote.port=51549 -Dcom.sun.management.jmxremote.authenticate=false -Dcom.sun.management.jmxremote.ssl=false -Djava.rmi.server.hostname=localhost -Dspring.jmx.enabled=true -Dmanagement.endpoints.jmx.exposure.include=* -Dspring.application.admin.enabled=true -XX:TieredStopAtLevel=1 -Dspring.boot.project.name=SpringBoot_Sesion07 -Dfile.encoding=UTF-8 -Dstdout.encoding=UTF-8 -Dstderr.encoding=UTF-8 -XX:+ShowCodeDetailsInExceptionMessages 
java_command: com.cibertec.app.SpringBootSesion07Application --spring.output.ansi.enabled=always
java_class_path (initial): C:\Users\Alessandro\Desktop\LPII_T2_ALESSANDRODIAZ\LPII_Sesion_07 - Examen T2\SpringBoot_Sesion07\target\classes;C:\Users\Alessandro\.m2\repository\org\springframework\boot\spring-boot-starter-data-jpa\2.5.7\spring-boot-starter-data-jpa-2.5.7.jar;C:\Users\Alessandro\.m2\repository\org\springframework\boot\spring-boot-starter-aop\2.5.7\spring-boot-starter-aop-2.5.7.jar;C:\Users\Alessandro\.m2\repository\org\springframework\spring-aop\5.3.13\spring-aop-5.3.13.jar;C:\Users\Alessandro\.m2\repository\org\aspectj\aspectjweaver\1.9.7\aspectjweaver-1.9.7.jar;C:\Users\Alessandro\.m2\repository\org\springframework\boot\spring-boot-starter-jdbc\2.5.7\spring-boot-starter-jdbc-2.5.7.jar;C:\Users\Alessandro\.m2\repository\com\zaxxer\HikariCP\4.0.3\HikariCP-4.0.3.jar;C:\Users\Alessandro\.m2\repository\org\springframework\spring-jdbc\5.3.13\spring-jdbc-5.3.13.jar;C:\Users\Alessandro\.m2\repository\jakarta\transaction\jakarta.transaction-api\1.3.3\jakarta.transaction-api-1.3.3.jar;C:\Users\Alessandro\.m2\repository\jakarta\persistence\jakarta.persistence-api\2.2.3\jakarta.persistence-api-2.2.3.jar;C:\Users\Alessandro\.m2\repository\org\hibernate\hibernate-core\5.4.32.Final\hibernate-core-5.4.32.Final.jar;C:\Users\Alessandro\.m2\repository\org\jboss\logging\jboss-logging\3.4.2.Final\jboss-logging-3.4.2.Final.jar;C:\Users\Alessandro\.m2\repository\org\javassist\javassist\3.27.0-GA\javassist-3.27.0-GA.jar;C:\Users\Alessandro\.m2\repository\net\bytebuddy\byte-buddy\1.10.22\byte-buddy-1.10.22.jar;C:\Users\Alessandro\.m2\repository\antlr\antlr\2.7.7\antlr-2.7.7.jar;C:\Users\Alessandro\.m2\repository\org\jboss\jandex\2.2.3.Final\jandex-2.2.3.Final.jar;C:\Users\Alessandro\.m2\repository\com\fasterxml\classmate\1.5.1\classmate-1.5.1.jar;C:\Users\Alessandro\.m2\repository\org\dom4j\dom4j\2.1.3\dom4j-2.1.3.jar;C:\Users\Alessandro\.m2\repository\org\hibernate\common\hibernate-commons-annotations\5.1.2.Final\hibernate-commons-annotations-5.1.2.Final.jar;C:\Users\Ales
Launcher Type: SUN_STANDARD

[Global flags]
     intx CICompilerCount                          = 4                                         {product} {ergonomic}
     uint ConcGCThreads                            = 2                                         {product} {ergonomic}
     uint G1ConcRefinementThreads                  = 8                                         {product} {ergonomic}
   size_t G1HeapRegionSize                         = 2097152                                   {product} {ergonomic}
    uintx GCDrainStackTargetSize                   = 64                                        {product} {ergonomic}
   size_t InitialHeapSize                          = 266338304                                 {product} {ergonomic}
     bool ManagementServer                         = true                                      {product} {command line}
   size_t MarkStackSize                            = 4194304                                   {product} {ergonomic}
   size_t MaxHeapSize                              = 4250927104                                {product} {ergonomic}
   size_t MinHeapDeltaBytes                        = 2097152                                   {product} {ergonomic}
   size_t MinHeapSize                              = 8388608                                   {product} {ergonomic}
    uintx NonProfiledCodeHeapSize                  = 0                                      {pd product} {ergonomic}
     bool ProfileInterpreter                       = false                                  {pd product} {command line}
    uintx ProfiledCodeHeapSize                     = 0                                      {pd product} {ergonomic}
     bool ShowCodeDetailsInExceptionMessages       = true                                   {manageable} {command line}
   size_t SoftMaxHeapSize                          = 4250927104                             {manageable} {ergonomic}
     intx TieredStopAtLevel                        = 1                                         {product} {command line}
     bool UseCompressedClassPointers               = true                           {product lp64_product} {ergonomic}
     bool UseCompressedOops                        = true                           {product lp64_product} {ergonomic}
     bool UseG1GC                                  = true                                      {product} {ergonomic}
     bool UseLargePagesIndividualAllocation        = false                                  {pd product} {ergonomic}

Logging:
Log output configuration:
 #0: stdout all=warning uptime,level,tags
 #1: stderr all=off uptime,level,tags

Environment Variables:
JAVA_HOME=D:\Mis Archivos\PracticasJavaPython\Java\jdk-17.0.8
PATH=C:/Users/Alessandro/Desktop/SpringToolSuite4//plugins/org.eclipse.justj.openjdk.hotspot.jre.full.win32.x86_64_21.0.3.v20240426-1530/jre/bin/server;C:/Users/Alessandro/Desktop/SpringToolSuite4//plugins/org.eclipse.justj.openjdk.hotspot.jre.full.win32.x86_64_21.0.3.v20240426-1530/jre/bin;C:\Program Files (x86)\Common Files\Intel\Shared Libraries\redist\intel64\compiler;C:\Windows\system32;C:\Windows;C:\Windows\System32\Wbem;C:\Windows\System32\WindowsPowerShell\v1.0\;C:\Windows\System32\OpenSSH\;C:\Program Files (x86)\NVIDIA Corporation\PhysX\Common;C:\Program Files\NVIDIA Corporation\NVIDIA NvDLISR;C:\Program Files (x86)\Microsoft SQL Server\160\Tools\Binn\;C:\Program Files\Microsoft SQL Server\160\Tools\Binn\;C:\Program Files\Microsoft SQL Server\Client SDK\ODBC\170\Tools\Binn\;C:\Program Files\Microsoft SQL Server\160\DTS\Binn\;C:\Program Files (x86)\Microsoft SQL Server\160\DTS\Binn\;C:\Program Files\Azure Data Studio\bin;C:\Program Files\Microsoft SQL Server\150\Tools\Binn\;C:\Program Files\dotnet\;C:\Program Files\Git\cmd;C:\Program Files\MySQL\MySQL Shell 8.0\bin\;C:\Users\Alessandro\AppData\Local\Microsoft\WindowsApps;C:\Program Files\Azure Data Studio\bin;D:\Mis Archivos\PracticasJavaPython\Java\jdk-17.0.8\bin;C:\Users\Alessandro\.dotnet\tools;C:\Users\Alessandro\AppData\Local\Programs\Microsoft VS Code\bin;C:\Users\Alessandro\Desktop\SpringToolSuite4;
USERNAME=Alessandro
OS=Windows_NT
PROCESSOR_IDENTIFIER=Intel64 Family 6 Model 165 Stepping 2, GenuineIntel



---------------  S Y S T E M  ---------------

OS:
 Windows 11 , 64 bit Build 22621 (10.0.22621.3958)
OS uptime: 0 days 3:07 hours
Hyper-V role detected

CPU: total 8 (initial active 8) (4 cores per cpu, 2 threads per core) family 6 model 165 stepping 2 microcode 0xea, cx8, cmov, fxsr, ht, mmx, 3dnowpref, sse, sse2, sse3, ssse3, sse4.1, sse4.2, popcnt, lzcnt, tsc, tscinvbit, avx, avx2, aes, erms, clmul, bmi1, bmi2, adx, fma, vzeroupper, clflush, clflushopt, hv

Memory: 4k page, system-wide physical 16215M (870M free)
TotalPageFile size 19115M (AvailPageFile size 167M)
current process WorkingSet (physical memory assigned to process): 11M, peak: 11M
current process commit charge ("private bytes"): 55M, peak: 309M

vm_info: Java HotSpot(TM) 64-Bit Server VM (17.0.8+9-LTS-211) for windows-amd64 JRE (17.0.8+9-LTS-211), built on Jun 14 2023 10:34:31 by "mach5one" with MS VC++ 17.1 (VS2022)

END.
